Flow report for Controlador
Thu Aug 19 19:02:59 2010
Quartus II Version 8.0 Build 215 05/29/2008 SJ Web Edition


---------------------
; Table of Contents ;
---------------------
  1. Legal Notice
  2. Flow Summary
  3. Flow Settings
  4. Flow Non-Default Global Settings
  5. Flow Elapsed Time
  6. Flow Log



----------------
; Legal Notice ;
----------------
Copyright (C) 1991-2008 Altera Corporation
Your use of Altera Corporation's design tools, logic functions 
and other software and tools, and its AMPP partner logic 
functions, and any output files from any of the foregoing 
(including device programming or simulation files), and any 
associated documentation or information are expressly subject 
to the terms and conditions of the Altera Program License 
Subscription Agreement, Altera MegaCore Function License 
Agreement, or other applicable license agreement, including, 
without limitation, that your use is for the sole purpose of 
programming logic devices manufactured by Altera and sold by 
Altera or its authorized distributors.  Please refer to the 
applicable agreement for further details.



+-------------------------------------------------------------------+
; Flow Summary                                                      ;
+-------------------------+-----------------------------------------+
; Flow Status             ; Successful - Thu Aug 19 19:02:59 2010   ;
; Quartus II Version      ; 8.0 Build 215 05/29/2008 SJ Web Edition ;
; Revision Name           ; Controlador                             ;
; Top-level Entity Name   ; CONTROLADOR                             ;
; Family                  ; MAX3000A                                ;
; Device                  ; EPM3064ALC44-4                          ;
; Timing Models           ; Final                                   ;
; Met timing requirements ; Yes                                     ;
; Total macrocells        ; 49 / 64 ( 77 % )                        ;
; Total pins              ; 30 / 34 ( 88 % )                        ;
+-------------------------+-----------------------------------------+


+-----------------------------------------+
; Flow Settings                           ;
+-------------------+---------------------+
; Option            ; Setting             ;
+-------------------+---------------------+
; Start date & time ; 08/19/2010 19:02:46 ;
; Main task         ; Compilation         ;
; Revision Name     ; Controlador         ;
+-------------------+---------------------+


+-------------------------------------------------------------------------------------------------------------------------------+
; Flow Non-Default Global Settings                                                                                              ;
+------------------------------------+------------------------------+--------------------------------+-------------+------------+
; Assignment Name                    ; Value                        ; Default Value                  ; Entity Name ; Section Id ;
+------------------------------------+------------------------------+--------------------------------+-------------+------------+
; COMPILER_SIGNATURE_ID              ; 132221509216.128225536603520 ; --                             ; --          ; --         ;
; FITTER_EFFORT                      ; Standard Fit                 ; Auto Fit                       ; --          ; --         ;
; INCREMENTAL_COMPILATION            ; Off                          ; FULL_INCREMENTAL_COMPILATION   ; --          ; --         ;
; OPTIMIZE_HOLD_TIMING               ; Off                          ; IO Paths and Minimum TPD Paths ; --          ; --         ;
; USE_GENERATED_PHYSICAL_CONSTRAINTS ; Off                          ; --                             ; --          ; eda_palace ;
+------------------------------------+------------------------------+--------------------------------+-------------+------------+


+-----------------------------------------------------------------------------------------------------------------------------+
; Flow Elapsed Time                                                                                                           ;
+-------------------------+--------------+-------------------------+---------------------+------------------------------------+
; Module Name             ; Elapsed Time ; Average Processors Used ; Peak Virtual Memory ; Total CPU Time (on all processors) ;
+-------------------------+--------------+-------------------------+---------------------+------------------------------------+
; Analysis & Synthesis    ; 00:00:07     ; 1.0                     ; 174 MB              ; 00:00:05                           ;
; Fitter                  ; 00:00:02     ; 1.0                     ; 127 MB              ; 00:00:01                           ;
; Assembler               ; 00:00:00     ; 1.0                     ; 131 MB              ; 00:00:01                           ;
; Classic Timing Analyzer ; 00:00:01     ; 1.0                     ; 106 MB              ; 00:00:00                           ;
; Total                   ; 00:00:10     ; --                      ; --                  ; 00:00:07                           ;
+-------------------------+--------------+-------------------------+---------------------+------------------------------------+


------------
; Flow Log ;
------------
quartus_map --read_settings_files=on --write_settings_files=off Controlador -c Controlador
quartus_fit --read_settings_files=off --write_settings_files=off Controlador -c Controlador
quartus_asm --read_settings_files=off --write_settings_files=off Controlador -c Controlador
quartus_tan --read_settings_files=off --write_settings_files=off Controlador -c Controlador



