Analysis & Synthesis report for Controlador
Thu Aug 19 19:02:52 2010
Quartus II Version 8.0 Build 215 05/29/2008 SJ Web Edition


---------------------
; Table of Contents ;
---------------------
  1. Legal Notice
  2. Analysis & Synthesis Summary
  3. Analysis & Synthesis Settings
  4. Analysis & Synthesis Source Files Read
  5. Analysis & Synthesis Resource Usage Summary
  6. Analysis & Synthesis Resource Utilization by Entity
  7. Source assignments for CONTROL:CONTROL0|lpm_add_sub:Add0|addcore:adder[0]
  8. Parameter Settings for Inferred Entity Instance: CONTROL:CONTROL0|lpm_add_sub:Add0
  9. Analysis & Synthesis Messages



----------------
; Legal Notice ;
----------------
Copyright (C) 1991-2008 Altera Corporation
Your use of Altera Corporation's design tools, logic functions 
and other software and tools, and its AMPP partner logic 
functions, and any output files from any of the foregoing 
(including device programming or simulation files), and any 
associated documentation or information are expressly subject 
to the terms and conditions of the Altera Program License 
Subscription Agreement, Altera MegaCore Function License 
Agreement, or other applicable license agreement, including, 
without limitation, that your use is for the sole purpose of 
programming logic devices manufactured by Altera and sold by 
Altera or its authorized distributors.  Please refer to the 
applicable agreement for further details.



+-----------------------------------------------------------------------+
; Analysis & Synthesis Summary                                          ;
+-----------------------------+-----------------------------------------+
; Analysis & Synthesis Status ; Successful - Thu Aug 19 19:02:52 2010   ;
; Quartus II Version          ; 8.0 Build 215 05/29/2008 SJ Web Edition ;
; Revision Name               ; Controlador                             ;
; Top-level Entity Name       ; CONTROLADOR                             ;
; Family                      ; MAX3000A                                ;
; Total macrocells            ; 49                                      ;
; Total pins                  ; 30                                      ;
+-----------------------------+-----------------------------------------+


+-----------------------------------------------------------------------------------------------+
; Analysis & Synthesis Settings                                                                 ;
+--------------------------------------------------------------+----------------+---------------+
; Option                                                       ; Setting        ; Default Value ;
+--------------------------------------------------------------+----------------+---------------+
; Device                                                       ; EPM3064ALC44-4 ;               ;
; Top-level entity name                                        ; Controlador    ; Controlador   ;
; Family name                                                  ; MAX3000A       ; Stratix II    ;
; Use Generated Physical Constraints File                      ; Off            ;               ;
; Use smart compilation                                        ; Off            ; Off           ;
; Create Debugging Nodes for IP Cores                          ; Off            ; Off           ;
; Preserve fewer node names                                    ; On             ; On            ;
; Disable OpenCore Plus hardware evaluation                    ; Off            ; Off           ;
; Verilog Version                                              ; Verilog_2001   ; Verilog_2001  ;
; VHDL Version                                                 ; VHDL93         ; VHDL93        ;
; State Machine Processing                                     ; Auto           ; Auto          ;
; Safe State Machine                                           ; Off            ; Off           ;
; Extract Verilog State Machines                               ; On             ; On            ;
; Extract VHDL State Machines                                  ; On             ; On            ;
; Ignore Verilog initial constructs                            ; Off            ; Off           ;
; Iteration limit for constant Verilog loops                   ; 5000           ; 5000          ;
; Iteration limit for non-constant Verilog loops               ; 250            ; 250           ;
; Add Pass-Through Logic to Inferred RAMs                      ; On             ; On            ;
; Parallel Synthesis                                           ; Off            ; Off           ;
; NOT Gate Push-Back                                           ; On             ; On            ;
; Power-Up Don't Care                                          ; On             ; On            ;
; Remove Duplicate Registers                                   ; On             ; On            ;
; Ignore CARRY Buffers                                         ; Off            ; Off           ;
; Ignore CASCADE Buffers                                       ; Off            ; Off           ;
; Ignore GLOBAL Buffers                                        ; Off            ; Off           ;
; Ignore ROW GLOBAL Buffers                                    ; Off            ; Off           ;
; Ignore LCELL Buffers                                         ; Auto           ; Auto          ;
; Ignore SOFT Buffers                                          ; Off            ; Off           ;
; Limit AHDL Integers to 32 Bits                               ; Off            ; Off           ;
; Optimization Technique                                       ; Speed          ; Speed         ;
; Allow XOR Gate Usage                                         ; On             ; On            ;
; Auto Logic Cell Insertion                                    ; On             ; On            ;
; Parallel Expander Chain Length                               ; 4              ; 4             ;
; Auto Parallel Expanders                                      ; On             ; On            ;
; Auto Open-Drain Pins                                         ; On             ; On            ;
; Auto Resource Sharing                                        ; Off            ; Off           ;
; Maximum Fan-in Per Macrocell                                 ; 100            ; 100           ;
; Ignore translate_off and synthesis_off directives            ; Off            ; Off           ;
; Show Parameter Settings Tables in Synthesis Report           ; On             ; On            ;
; HDL message level                                            ; Level2         ; Level2        ;
; Suppress Register Optimization Related Messages              ; Off            ; Off           ;
; Number of Removed Registers Reported in Synthesis Report     ; 100            ; 100           ;
; Number of Inverted Registers Reported in Synthesis Report    ; 100            ; 100           ;
; Block Design Naming                                          ; Auto           ; Auto          ;
; Synthesis Effort                                             ; Auto           ; Auto          ;
; Shift Register Replacement - Allow Asynchronous Clear Signal ; On             ; On            ;
+--------------------------------------------------------------+----------------+---------------+


+------------------------------------------------------------------------------------------------------------------------------------------------------------------+
; Analysis & Synthesis Source Files Read                                                                                                                           ;
+----------------------------------+-----------------+-----------------+-------------------------------------------------------------------------------------------+
; File Name with User-Entered Path ; Used in Netlist ; File Type       ; File Name with Absolute Path                                                              ;
+----------------------------------+-----------------+-----------------+-------------------------------------------------------------------------------------------+
; Controlador.vhd                  ; yes             ; User VHDL File  ; D:/Ariel/Mis documentos/Facultad/Tesis/Placas/Controlador/CPLD/Controlador.vhd            ;
; lpm_add_sub.tdf                  ; yes             ; Megafunction    ; c:/archivos de programa/altera/80/quartus/libraries/megafunctions/lpm_add_sub.tdf         ;
; addcore.inc                      ; yes             ; Megafunction    ; c:/archivos de programa/altera/80/quartus/libraries/megafunctions/addcore.inc             ;
; look_add.inc                     ; yes             ; Megafunction    ; c:/archivos de programa/altera/80/quartus/libraries/megafunctions/look_add.inc            ;
; bypassff.inc                     ; yes             ; Megafunction    ; c:/archivos de programa/altera/80/quartus/libraries/megafunctions/bypassff.inc            ;
; altshift.inc                     ; yes             ; Megafunction    ; c:/archivos de programa/altera/80/quartus/libraries/megafunctions/altshift.inc            ;
; alt_stratix_add_sub.inc          ; yes             ; Megafunction    ; c:/archivos de programa/altera/80/quartus/libraries/megafunctions/alt_stratix_add_sub.inc ;
; alt_mercury_add_sub.inc          ; yes             ; Megafunction    ; c:/archivos de programa/altera/80/quartus/libraries/megafunctions/alt_mercury_add_sub.inc ;
; aglobal80.inc                    ; yes             ; Megafunction    ; c:/archivos de programa/altera/80/quartus/libraries/megafunctions/aglobal80.inc           ;
; addcore.tdf                      ; yes             ; Megafunction    ; c:/archivos de programa/altera/80/quartus/libraries/megafunctions/addcore.tdf             ;
; a_csnbuffer.inc                  ; yes             ; Megafunction    ; c:/archivos de programa/altera/80/quartus/libraries/megafunctions/a_csnbuffer.inc         ;
; a_csnbuffer.tdf                  ; yes             ; Megafunction    ; c:/archivos de programa/altera/80/quartus/libraries/megafunctions/a_csnbuffer.tdf         ;
; look_add.tdf                     ; yes             ; Megafunction    ; c:/archivos de programa/altera/80/quartus/libraries/megafunctions/look_add.tdf            ;
; altshift.tdf                     ; yes             ; Megafunction    ; c:/archivos de programa/altera/80/quartus/libraries/megafunctions/altshift.tdf            ;
+----------------------------------+-----------------+-----------------+-------------------------------------------------------------------------------------------+


+---------------------------------------------------+
; Analysis & Synthesis Resource Usage Summary       ;
+----------------------+----------------------------+
; Resource             ; Usage                      ;
+----------------------+----------------------------+
; Logic cells          ; 49                         ;
; Total registers      ; 35                         ;
; I/O pins             ; 30                         ;
; Shareable expanders  ; 7                          ;
; Parallel expanders   ; 11                         ;
; Maximum fan-out node ; CONTROL:CONTROL0|CUENTA[1] ;
; Maximum fan-out      ; 35                         ;
; Total fan-out        ; 561                        ;
; Average fan-out      ; 6.52                       ;
+----------------------+----------------------------+


+-----------------------------------------------------------------------------------------------------------------------+
; Analysis & Synthesis Resource Utilization by Entity                                                                   ;
+----------------------------+------------+------+-------------------------------------------------------+--------------+
; Compilation Hierarchy Node ; Macrocells ; Pins ; Full Hierarchy Name                                   ; Library Name ;
+----------------------------+------------+------+-------------------------------------------------------+--------------+
; |CONTROLADOR               ; 49         ; 30   ; |CONTROLADOR                                          ; work         ;
;    |CONTROL:CONTROL0|      ; 30         ; 0    ; |CONTROLADOR|CONTROL:CONTROL0                         ; work         ;
;    |CONT_8_H:CONTADOR_COL| ; 8          ; 0    ; |CONTROLADOR|CONT_8_H:CONTADOR_COL                    ; work         ;
;       |FFDH:\CONT:0:FFD_I| ; 1          ; 0    ; |CONTROLADOR|CONT_8_H:CONTADOR_COL|FFDH:\CONT:0:FFD_I ; work         ;
;       |FFDH:\CONT:1:FFD_I| ; 1          ; 0    ; |CONTROLADOR|CONT_8_H:CONTADOR_COL|FFDH:\CONT:1:FFD_I ; work         ;
;       |FFDH:\CONT:2:FFD_I| ; 1          ; 0    ; |CONTROLADOR|CONT_8_H:CONTADOR_COL|FFDH:\CONT:2:FFD_I ; work         ;
;       |FFDH:\CONT:3:FFD_I| ; 1          ; 0    ; |CONTROLADOR|CONT_8_H:CONTADOR_COL|FFDH:\CONT:3:FFD_I ; work         ;
;       |FFDH:\CONT:4:FFD_I| ; 1          ; 0    ; |CONTROLADOR|CONT_8_H:CONTADOR_COL|FFDH:\CONT:4:FFD_I ; work         ;
;       |FFDH:\CONT:5:FFD_I| ; 1          ; 0    ; |CONTROLADOR|CONT_8_H:CONTADOR_COL|FFDH:\CONT:5:FFD_I ; work         ;
;       |FFDH:\CONT:6:FFD_I| ; 1          ; 0    ; |CONTROLADOR|CONT_8_H:CONTADOR_COL|FFDH:\CONT:6:FFD_I ; work         ;
;       |FFDH:\CONT:7:FFD_I| ; 1          ; 0    ; |CONTROLADOR|CONT_8_H:CONTADOR_COL|FFDH:\CONT:7:FFD_I ; work         ;
;    |CONT_8_H:CONTADOR_ROW| ; 8          ; 0    ; |CONTROLADOR|CONT_8_H:CONTADOR_ROW                    ; work         ;
;       |FFDH:\CONT:0:FFD_I| ; 1          ; 0    ; |CONTROLADOR|CONT_8_H:CONTADOR_ROW|FFDH:\CONT:0:FFD_I ; work         ;
;       |FFDH:\CONT:1:FFD_I| ; 1          ; 0    ; |CONTROLADOR|CONT_8_H:CONTADOR_ROW|FFDH:\CONT:1:FFD_I ; work         ;
;       |FFDH:\CONT:2:FFD_I| ; 1          ; 0    ; |CONTROLADOR|CONT_8_H:CONTADOR_ROW|FFDH:\CONT:2:FFD_I ; work         ;
;       |FFDH:\CONT:3:FFD_I| ; 1          ; 0    ; |CONTROLADOR|CONT_8_H:CONTADOR_ROW|FFDH:\CONT:3:FFD_I ; work         ;
;       |FFDH:\CONT:4:FFD_I| ; 1          ; 0    ; |CONTROLADOR|CONT_8_H:CONTADOR_ROW|FFDH:\CONT:4:FFD_I ; work         ;
;       |FFDH:\CONT:5:FFD_I| ; 1          ; 0    ; |CONTROLADOR|CONT_8_H:CONTADOR_ROW|FFDH:\CONT:5:FFD_I ; work         ;
;       |FFDH:\CONT:6:FFD_I| ; 1          ; 0    ; |CONTROLADOR|CONT_8_H:CONTADOR_ROW|FFDH:\CONT:6:FFD_I ; work         ;
;       |FFDH:\CONT:7:FFD_I| ; 1          ; 0    ; |CONTROLADOR|CONT_8_H:CONTADOR_ROW|FFDH:\CONT:7:FFD_I ; work         ;
;    |MUX_2:MUX_CLK|         ; 1          ; 0    ; |CONTROLADOR|MUX_2:MUX_CLK                            ; work         ;
;    |MUX_2:MUX_COL0|        ; 1          ; 0    ; |CONTROLADOR|MUX_2:MUX_COL0                           ; work         ;
+----------------------------+------------+------+-------------------------------------------------------+--------------+


+---------------------------------------------------------------------------+
; Source assignments for CONTROL:CONTROL0|lpm_add_sub:Add0|addcore:adder[0] ;
+---------------------------+-------+------+--------------------------------+
; Assignment                ; Value ; From ; To                             ;
+---------------------------+-------+------+--------------------------------+
; SUPPRESS_DA_RULE_INTERNAL ; A103  ; -    ; -                              ;
+---------------------------+-------+------+--------------------------------+


+------------------------------------------------------------------------------------+
; Parameter Settings for Inferred Entity Instance: CONTROL:CONTROL0|lpm_add_sub:Add0 ;
+------------------------+-------------+---------------------------------------------+
; Parameter Name         ; Value       ; Type                                        ;
+------------------------+-------------+---------------------------------------------+
; LPM_WIDTH              ; 8           ; Untyped                                     ;
; LPM_REPRESENTATION     ; UNSIGNED    ; Untyped                                     ;
; LPM_DIRECTION          ; ADD         ; Untyped                                     ;
; ONE_INPUT_IS_CONSTANT  ; YES         ; Untyped                                     ;
; LPM_PIPELINE           ; 0           ; Untyped                                     ;
; MAXIMIZE_SPEED         ; 5           ; Untyped                                     ;
; REGISTERED_AT_END      ; 0           ; Untyped                                     ;
; OPTIMIZE_FOR_SPEED     ; 9           ; Untyped                                     ;
; USE_CS_BUFFERS         ; 1           ; Untyped                                     ;
; CARRY_CHAIN            ; MANUAL      ; Untyped                                     ;
; CARRY_CHAIN_LENGTH     ; 48          ; CARRY_CHAIN_LENGTH                          ;
; DEVICE_FAMILY          ; MAX3000A    ; Untyped                                     ;
; USE_WYS                ; OFF         ; Untyped                                     ;
; STYLE                  ; FAST        ; Untyped                                     ;
; CBXI_PARAMETER         ; add_sub_5nh ; Untyped                                     ;
; AUTO_CARRY_CHAINS      ; ON          ; AUTO_CARRY                                  ;
; IGNORE_CARRY_BUFFERS   ; OFF         ; IGNORE_CARRY                                ;
; AUTO_CASCADE_CHAINS    ; ON          ; AUTO_CASCADE                                ;
; IGNORE_CASCADE_BUFFERS ; OFF         ; IGNORE_CASCADE                              ;
+------------------------+-------------+---------------------------------------------+
Note: In order to hide this table in the UI and the text report file, please set the "Show Parameter Settings Tables in Synthesis Report" option in "Analysis and Synthesis Settings -> More Settings" to "Off".


+-------------------------------+
; Analysis & Synthesis Messages ;
+-------------------------------+
Info: *******************************************************************
Info: Running Quartus II Analysis & Synthesis
    Info: Version 8.0 Build 215 05/29/2008 SJ Web Edition
    Info: Processing started: Thu Aug 19 19:02:45 2010
Info: Command: quartus_map --read_settings_files=on --write_settings_files=off Controlador -c Controlador
Info: Found 12 design units, including 6 entities, in source file Controlador.vhd
    Info: Found design unit 1: CONTROLADOR-STRUC
    Info: Found design unit 2: CONTROL-BEH
    Info: Found design unit 3: CONT_8_H-STRUCTUR
    Info: Found design unit 4: FFDH-BEHAVIOR
    Info: Found design unit 5: MUX_2-STRUCTUR
    Info: Found design unit 6: BUFFER_OUT-STRUCTUR
    Info: Found entity 1: CONTROLADOR
    Info: Found entity 2: CONTROL
    Info: Found entity 3: CONT_8_H
    Info: Found entity 4: FFDH
    Info: Found entity 5: MUX_2
    Info: Found entity 6: BUFFER_OUT
Info: Elaborating entity "Controlador" for the top level hierarchy
Info: Elaborating entity "CONTROL" for hierarchy "CONTROL:CONTROL0"
Info: Elaborating entity "CONT_8_H" for hierarchy "CONT_8_H:CONTADOR_COL"
Info: Elaborating entity "FFDH" for hierarchy "CONT_8_H:CONTADOR_COL|FFDH:\CONT:0:FFD_I"
Info: Elaborating entity "MUX_2" for hierarchy "MUX_2:MUX_CLK"
Info: Elaborating entity "BUFFER_OUT" for hierarchy "BUFFER_OUT:BUF_CK0"
Info: Inferred 1 megafunctions from design logic
    Info: Inferred adder/subtractor megafunction ("lpm_add_sub") from the following logic: "CONTROL:CONTROL0|Add0"
Info: Elaborated megafunction instantiation "CONTROL:CONTROL0|lpm_add_sub:Add0"
Info: Instantiated megafunction "CONTROL:CONTROL0|lpm_add_sub:Add0" with the following parameter:
    Info: Parameter "LPM_WIDTH" = "8"
    Info: Parameter "LPM_DIRECTION" = "ADD"
    Info: Parameter "LPM_REPRESENTATION" = "UNSIGNED"
    Info: Parameter "ONE_INPUT_IS_CONSTANT" = "YES"
Info: Elaborated megafunction instantiation "CONTROL:CONTROL0|lpm_add_sub:Add0|addcore:adder[0]", which is child of megafunction instantiation "CONTROL:CONTROL0|lpm_add_sub:Add0"
Info: Elaborated megafunction instantiation "CONTROL:CONTROL0|lpm_add_sub:Add0|addcore:adder[0]|a_csnbuffer:oflow_node", which is child of megafunction instantiation "CONTROL:CONTROL0|lpm_add_sub:Add0"
Info: Elaborated megafunction instantiation "CONTROL:CONTROL0|lpm_add_sub:Add0|addcore:adder[0]|a_csnbuffer:result_node", which is child of megafunction instantiation "CONTROL:CONTROL0|lpm_add_sub:Add0"
Info: Elaborated megafunction instantiation "CONTROL:CONTROL0|lpm_add_sub:Add0|look_add:look_ahead_unit", which is child of megafunction instantiation "CONTROL:CONTROL0|lpm_add_sub:Add0"
Info: Elaborated megafunction instantiation "CONTROL:CONTROL0|lpm_add_sub:Add0|altshift:result_ext_latency_ffs", which is child of megafunction instantiation "CONTROL:CONTROL0|lpm_add_sub:Add0"
Info: Elaborated megafunction instantiation "CONTROL:CONTROL0|lpm_add_sub:Add0|altshift:carry_ext_latency_ffs", which is child of megafunction instantiation "CONTROL:CONTROL0|lpm_add_sub:Add0"
Info: Ignored 8 buffer(s)
    Info: Ignored 8 SOFT buffer(s)
Info: Promoted pin-driven signal(s) to global signal
    Info: Promoted output enable signal driven by pin "SLEEP" to global output enable signal
Info: Implemented 86 device resources after synthesis - the final resource count might be different
    Info: Implemented 7 input pins
    Info: Implemented 23 output pins
    Info: Implemented 49 macrocells
    Info: Implemented 7 shareable expanders
Info: Quartus II Analysis & Synthesis was successful. 0 errors, 0 warnings
    Info: Peak virtual memory: 174 megabytes
    Info: Processing ended: Thu Aug 19 19:02:52 2010
    Info: Elapsed time: 00:00:07
    Info: Total CPU time (on all processors): 00:00:05


